{
  "RSpec": {
    "coverage": {
      "/Users/cpolis/zencms/app/controllers/admin/collections_controller.rb": [
        1,
        null,
        1,
        0,
        null,
        null,
        1,
        0,
        null,
        null
      ],
      "/Users/cpolis/zencms/app/controllers/admin_controller.rb": [
        1,
        1,
        1,
        null,
        1,
        54,
        null,
        null,
        1,
        50,
        null,
        null,
        null
      ],
      "/Users/cpolis/zencms/app/controllers/application_controller.rb": [
        1,
        null,
        null,
        1,
        null,
        1,
        null,
        1,
        null,
        1,
        6,
        7,
        null,
        null
      ],
      "/Users/cpolis/zencms/spec/controllers/admin/configs_controller_spec.rb": [
        1,
        null,
        1,
        1,
        0,
        0,
        null,
        null,
        1,
        1,
        null,
        null,
        null
      ],
      "/Users/cpolis/zencms/app/controllers/admin/configs_controller.rb": [
        1,
        null,
        1,
        null,
        null,
        null
      ],
      "/Users/cpolis/zencms/spec/controllers/admin/dashboard_controller_spec.rb": [
        1,
        null,
        1,
        1,
        3,
        3,
        null,
        null,
        1,
        1,
        1,
        1,
        1,
        null,
        null,
        1,
        1,
        1,
        1,
        null,
        null,
        1,
        1,
        1,
        1,
        null,
        null,
        null,
        null
      ],
      "/Users/cpolis/zencms/app/controllers/admin/dashboard_controller.rb": [
        1,
        null,
        1,
        null,
        null,
        null
      ],
      "/Users/cpolis/zencms/spec/controllers/admin/layouts_controller_spec.rb": [
        1,
        null,
        1,
        1,
        3,
        3,
        null,
        3,
        3,
        9,
        null,
        null,
        null,
        1,
        1,
        1,
        1,
        null,
        null,
        null,
        1,
        1,
        1,
        null,
        1,
        1,
        null,
        null,
        null,
        1,
        1,
        1,
        1,
        null,
        1,
        1,
        null,
        null,
        null,
        null
      ],
      "/Users/cpolis/zencms/app/controllers/admin/layouts_controller.rb": [
        1,
        null,
        1,
        3,
        null,
        null,
        1,
        5,
        null,
        null,
        1,
        1,
        1,
        1,
        null,
        0,
        null,
        null,
        null,
        1,
        2,
        2,
        null,
        null,
        null,
        null,
        2,
        null,
        null
      ],
      "/Users/cpolis/zencms/spec/controllers/admin/properties_controller_spec.rb": [
        1,
        null,
        1,
        1,
        1,
        1,
        null,
        1,
        3,
        null,
        3,
        null,
        1,
        null,
        null,
        1,
        1,
        1,
        1,
        1,
        1,
        null,
        null,
        null,
        null
      ],
      "/Users/cpolis/zencms/app/controllers/admin/properties_controller.rb": [
        1,
        null,
        1,
        1,
        1,
        1,
        0,
        null,
        1,
        1,
        null,
        null,
        null,
        1,
        1,
        1,
        1,
        1,
        null,
        0,
        null,
        null,
        null,
        1,
        2,
        2,
        2,
        2,
        null,
        0,
        null,
        null,
        null,
        null
      ],
      "/Users/cpolis/zencms/spec/controllers/admin/styles_controller_spec.rb": [
        1,
        null,
        1,
        1,
        0,
        0,
        null,
        null,
        1,
        1,
        null,
        null,
        1,
        1,
        null,
        null,
        null
      ],
      "/Users/cpolis/zencms/app/controllers/admin/styles_controller.rb": [
        1,
        null,
        1,
        0,
        null,
        null,
        1,
        0,
        null,
        null
      ],
      "/Users/cpolis/zencms/spec/controllers/admin/types_controller_spec.rb": [
        1,
        null,
        1,
        1,
        2,
        2,
        null,
        2,
        6,
        null,
        6,
        null,
        null,
        null,
        1,
        1,
        1,
        1,
        null,
        null,
        null,
        1,
        1,
        1,
        null,
        1,
        1,
        null,
        null,
        null,
        null
      ],
      "/Users/cpolis/zencms/app/controllers/admin/types_controller.rb": [
        1,
        null,
        1,
        3,
        null,
        null,
        1,
        11,
        null,
        null,
        1,
        0,
        0,
        0,
        null,
        0,
        null,
        null,
        null,
        1,
        1,
        1,
        1,
        null,
        0,
        null,
        null,
        null,
        1,
        2,
        2,
        2,
        2,
        2,
        2,
        null,
        2,
        null,
        null
      ],
      "/Users/cpolis/zencms/spec/controllers/admin/users_controller_spec.rb": [
        1,
        null,
        1,
        1,
        5,
        5,
        null,
        null,
        1,
        1,
        1,
        1,
        1,
        null,
        null,
        1,
        1,
        1,
        1,
        null,
        null,
        1,
        1,
        1,
        1,
        null,
        null,
        1,
        1,
        1,
        1,
        1,
        null,
        null,
        null,
        null,
        1,
        1,
        1,
        1,
        null,
        1,
        1,
        null,
        null,
        null,
        null,
        null
      ],
      "/Users/cpolis/zencms/app/controllers/admin/users_controller.rb": [
        1,
        null,
        1,
        2,
        null,
        null,
        1,
        1,
        null,
        null
      ],
      "/Users/cpolis/zencms/spec/controllers/admin_controller_spec.rb": [
        1,
        null,
        1,
        null,
        null
      ],
      "/Users/cpolis/zencms/spec/models/entity_spec.rb": [
        1,
        null,
        1,
        null,
        1,
        7,
        null,
        7,
        7,
        null,
        null,
        null,
        null,
        1,
        1,
        null,
        null,
        1,
        1,
        1,
        null,
        null,
        1,
        1,
        1,
        1,
        1,
        null,
        null,
        1,
        1,
        1,
        1,
        1,
        null,
        null,
        1,
        1,
        1,
        1,
        null,
        null,
        null,
        1,
        1,
        1,
        1,
        1,
        null,
        null,
        1,
        1,
        1,
        1,
        1,
        null,
        null,
        1,
        null,
        null
      ],
      "/Users/cpolis/zencms/app/models/entity.rb": [
        1,
        1,
        1,
        null,
        1,
        1,
        null,
        1,
        null,
        1,
        1,
        1,
        null,
        1,
        1,
        null,
        1,
        1,
        null,
        null,
        1,
        31,
        null,
        30,
        30,
        56,
        null,
        30,
        4,
        null,
        null,
        null,
        1,
        31,
        52,
        20,
        20,
        null,
        null,
        null,
        null,
        1,
        11,
        10,
        10,
        2,
        null,
        8,
        null,
        null,
        null,
        1,
        3,
        null,
        null,
        null
      ],
      "/Users/cpolis/zencms/spec/models/layout_spec.rb": [
        1,
        null,
        1,
        null,
        1,
        1,
        null,
        null,
        1,
        1,
        1,
        null,
        null,
        1,
        1,
        null,
        1,
        1,
        1,
        null,
        1,
        1,
        1,
        null,
        null,
        1,
        1,
        1,
        null,
        null,
        1,
        1,
        1,
        null,
        null,
        1,
        1,
        null,
        1,
        1,
        null,
        null,
        1,
        null,
        null,
        1,
        null,
        null,
        1,
        1,
        1,
        1,
        1,
        null,
        null,
        1,
        1,
        1,
        1,
        1,
        1,
        null,
        null,
        1,
        1,
        null,
        1,
        null,
        1,
        null,
        null,
        null,
        1,
        1,
        1,
        1,
        null,
        null,
        1,
        1,
        1,
        1,
        null,
        1,
        1,
        null,
        null,
        null
      ],
      "/Users/cpolis/zencms/app/models/layout.rb": [
        1,
        1,
        1,
        null,
        1,
        1,
        null,
        1,
        1,
        1,
        null,
        1,
        1,
        null,
        1,
        null,
        1,
        6,
        null,
        null,
        1,
        2,
        null,
        null,
        null,
        1,
        6,
        6,
        6,
        6,
        null,
        null,
        6,
        4,
        4,
        null,
        null,
        6,
        null,
        6,
        1,
        null,
        5,
        null,
        null,
        null,
        1,
        58,
        null,
        null,
        null
      ],
      "/Users/cpolis/zencms/spec/models/property_spec.rb": [
        1,
        null,
        1,
        null,
        1,
        1,
        null,
        null,
        1,
        1,
        null,
        1,
        1,
        1,
        null,
        null,
        1,
        1,
        null,
        1,
        1,
        null,
        null,
        null
      ],
      "/Users/cpolis/zencms/app/models/property.rb": [
        1,
        1,
        1,
        null,
        1,
        null,
        1,
        1,
        1,
        null,
        1,
        1,
        null,
        1,
        null,
        1,
        null,
        1,
        42,
        null,
        null,
        1,
        18,
        null,
        null,
        1,
        107,
        null,
        null
      ],
      "/Users/cpolis/zencms/spec/models/type_spec.rb": [
        1,
        null,
        1,
        null,
        1,
        1,
        null,
        null,
        1,
        1,
        1,
        1,
        1,
        null,
        null,
        1,
        1,
        null,
        1,
        null,
        1,
        1,
        null,
        null,
        1,
        1,
        null,
        1,
        1,
        null,
        1,
        null,
        null,
        1,
        1,
        null,
        1,
        1,
        null,
        null,
        1,
        1,
        null,
        1,
        1,
        1,
        1,
        1,
        null,
        null,
        1,
        1,
        1,
        null,
        null,
        1,
        1,
        1,
        1,
        1,
        null,
        null,
        1,
        1,
        1,
        1,
        1,
        null,
        null,
        null
      ],
      "/Users/cpolis/zencms/app/models/type.rb": [
        1,
        1,
        1,
        null,
        1,
        1,
        null,
        1,
        1,
        1,
        null,
        1,
        1,
        1,
        1,
        null,
        1,
        5,
        null,
        null,
        1,
        62,
        null,
        null,
        1,
        95,
        95,
        1,
        null,
        null,
        null,
        1,
        null,
        95,
        1,
        null,
        null,
        null,
        1,
        63,
        63,
        169,
        null,
        null,
        null
      ],
      "/Users/cpolis/zencms/spec/models/user_spec.rb": [
        1,
        null,
        1,
        null,
        1,
        1,
        null,
        null,
        1,
        1,
        1,
        1,
        null,
        1,
        1,
        null,
        null,
        null
      ],
      "/Users/cpolis/zencms/spec/requests/admin/dashboard_spec.rb": [
        1,
        null,
        1,
        1,
        2,
        2,
        null,
        null,
        1,
        1,
        1,
        null,
        1,
        1,
        1,
        1,
        1,
        1,
        1,
        null,
        null,
        1,
        1,
        null,
        1,
        1,
        1,
        null,
        1,
        1,
        null,
        null,
        null,
        null
      ],
      "/Users/cpolis/zencms/spec/requests/admin/entity_spec.rb": [
        1,
        null,
        1,
        1,
        5,
        5,
        null,
        5,
        null,
        5,
        null,
        null,
        1,
        1,
        1,
        null,
        1,
        1,
        null,
        null,
        1,
        1,
        null,
        null,
        1,
        null,
        1,
        1,
        null,
        1,
        1,
        null,
        null,
        null,
        null,
        1,
        3,
        null,
        1,
        1,
        1,
        1,
        1,
        null,
        1,
        null,
        null,
        1,
        1,
        1,
        1,
        1,
        null,
        1,
        null,
        null,
        null,
        1,
        1,
        1,
        null,
        null,
        1,
        null,
        1,
        1,
        null,
        null,
        null,
        null,
        null
      ],
      "/Users/cpolis/zencms/spec/requests/admin/layout_spec.rb": [
        1,
        null,
        1,
        1,
        4,
        4,
        null,
        4,
        null,
        4,
        4,
        12,
        null,
        4,
        4,
        null,
        null,
        1,
        3,
        null,
        1,
        1,
        3,
        null,
        null,
        null,
        1,
        1,
        1,
        1,
        1,
        null,
        1,
        null,
        null,
        null,
        1,
        3,
        null,
        1,
        1,
        null,
        null,
        1,
        1,
        1,
        1,
        1,
        null,
        null,
        null,
        null
      ],
      "/Users/cpolis/zencms/spec/requests/admin/type_spec.rb": [
        1,
        null,
        1,
        1,
        7,
        7,
        null,
        7,
        7,
        21,
        21,
        null,
        21,
        null,
        null,
        null,
        1,
        3,
        null,
        1,
        1,
        3,
        null,
        null,
        null,
        1,
        1,
        1,
        1,
        null,
        1,
        null,
        null,
        null,
        1,
        6,
        null,
        1,
        1,
        1,
        null,
        null,
        1,
        1,
        1,
        null,
        null,
        1,
        1,
        1,
        1,
        1,
        null,
        null,
        1,
        1,
        1,
        1,
        1,
        null,
        null,
        1,
        1,
        1,
        1,
        1,
        null,
        null,
        null,
        null
      ],
      "/Users/cpolis/zencms/spec/requests/pages_spec.rb": [
        1,
        null,
        1,
        null,
        1,
        1,
        1,
        null,
        1,
        1,
        null,
        null,
        null,
        1,
        null,
        null,
        1,
        1,
        null,
        null,
        null,
        null
      ],
      "/Users/cpolis/zencms/spec/requests/users_spec.rb": [
        1,
        null,
        1,
        null,
        1,
        1,
        1,
        1,
        1,
        1,
        1,
        1,
        null,
        null,
        null,
        null,
        1,
        1,
        1,
        1,
        1,
        1,
        1,
        1,
        null,
        null,
        1,
        1,
        0,
        0,
        null,
        null,
        null,
        null,
        null,
        null
      ],
      "/Users/cpolis/zencms/app/controllers/pages_controller.rb": [
        1,
        null,
        1,
        null,
        null,
        null,
        1,
        1,
        1,
        1,
        null,
        null,
        null,
        null,
        null,
        0,
        null,
        null,
        null,
        null
      ],
      "/Users/cpolis/zencms/app/controllers/admin/entities_controller.rb": [
        1,
        null,
        1,
        9,
        null,
        null,
        1,
        0,
        null,
        null,
        1,
        1,
        1,
        1,
        0,
        null,
        1,
        1,
        null,
        null,
        null,
        1,
        2,
        2,
        null,
        2,
        null,
        null,
        null,
        null,
        2,
        null,
        null
      ]
    },
    "timestamp": 1376033205
  }
}
